0 info it worked if it ends with ok
1 verbose cli [ 'C:\\Program Files\\nodejs\\node.exe',
1 verbose cli   'C:\\Program Files\\nodejs\\node_modules\\npm\\bin\\npm-cli.js',
1 verbose cli   'run',
1 verbose cli   'dev' ]
2 info using npm@3.10.10
3 info using node@v6.11.3
4 verbose run-script [ 'predev', 'dev', 'postdev' ]
5 info lifecycle vue-cli@~predev: vue-cli@
6 silly lifecycle vue-cli@~predev: no script for predev, continuing
7 info lifecycle vue-cli@~dev: vue-cli@
8 verbose lifecycle vue-cli@~dev: unsafe-perm in lifecycle true
9 verbose lifecycle vue-cli@~dev: PATH: C:\Program Files\nodejs\node_modules\npm\bin\node-gyp-bin;E:\wamp\www\estudos-vuejs\vuejs-2-the-complete-guide\_exercises\70-components\node_modules\.bin;D:\bin\_apps\ConEmu\ConEmu\Scripts;D:\bin\_apps\ConEmu;D:\bin\_apps\ConEmu\ConEmu;C:\ProgramData\Oracle\Java\javapath;C:\Windows\system32;C:\Windows;C:\Windows\System32\Wbem;C:\Windows\System32\WindowsPowerShell\v1.0\;C:\Program Files\OpenVPN\bin;C:\Program Files (x86)\QuickTime\QTSystem\;C:\ProgramData\ComposerSetup\bin;C:\Program Files\TortoiseHg\;C:\Program Files\CMake\bin;C:\Program Files (x86)\Windows Kits\8.1\Windows Performance Toolkit\;C:\Program Files\Git\cmd;C:\Program Files (x86)\GtkSharp\2.12\bin;C:\Program Files (x86)\PuTTY\;C:\ProgramData\chocolatey\bin;C:\Program Files (x86)\vim\vim80;E:\wamp\bin\mysql\mysql5.7.14\bin;C:\Program Files (x86)\Skype\Phone\;C:\Program Files (x86)\NVIDIA Corporation\PhysX\Common;E:\wamp\bin\php\php7.0.10;C:\Program Files\nodejs\;C:\Users\Richelly\AppData\Local\Programs\Python\Python35-32\Scripts\;C:\Users\Richelly\AppData\Local\Programs\Python\Python35-32\;C:\Users\Richelly\AppData\Roaming\Composer\vendor\bin;C:\Program Files\Microsoft VS Code\bin;C:\Users\Richelly\AppData\Roaming\npm
10 verbose lifecycle vue-cli@~dev: CWD: E:\wamp\www\estudos-vuejs\vuejs-2-the-complete-guide\_exercises\70-components
11 silly lifecycle vue-cli@~dev: Args: [ '/d /s /c',
11 silly lifecycle   'cross-env NODE_ENV=development webpack-dev-server --open --inline --hot' ]
12 silly lifecycle vue-cli@~dev: Returned: code: 3221225786  signal: null
13 info lifecycle vue-cli@~dev: Failed to exec dev script
14 verbose stack Error: vue-cli@ dev: `cross-env NODE_ENV=development webpack-dev-server --open --inline --hot`
14 verbose stack Exit status 3221225786
14 verbose stack     at EventEmitter.<anonymous> (C:\Program Files\nodejs\node_modules\npm\lib\utils\lifecycle.js:255:16)
14 verbose stack     at emitTwo (events.js:106:13)
14 verbose stack     at EventEmitter.emit (events.js:191:7)
14 verbose stack     at ChildProcess.<anonymous> (C:\Program Files\nodejs\node_modules\npm\lib\utils\spawn.js:40:14)
14 verbose stack     at emitTwo (events.js:106:13)
14 verbose stack     at ChildProcess.emit (events.js:191:7)
14 verbose stack     at maybeClose (internal/child_process.js:920:16)
14 verbose stack     at Process.ChildProcess._handle.onexit (internal/child_process.js:230:5)
15 verbose pkgid vue-cli@
16 verbose cwd E:\wamp\www\estudos-vuejs\vuejs-2-the-complete-guide\_exercises\70-components
17 error Windows_NT 6.3.9600
18 error argv "C:\\Program Files\\nodejs\\node.exe" "C:\\Program Files\\nodejs\\node_modules\\npm\\bin\\npm-cli.js" "run" "dev"
19 error node v6.11.3
20 error npm  v3.10.10
21 error code ELIFECYCLE
22 error vue-cli@ dev: `cross-env NODE_ENV=development webpack-dev-server --open --inline --hot`
22 error Exit status 3221225786
23 error Failed at the vue-cli@ dev script 'cross-env NODE_ENV=development webpack-dev-server --open --inline --hot'.
23 error Make sure you have the latest version of node.js and npm installed.
23 error If you do, this is most likely a problem with the vue-cli package,
23 error not with npm itself.
23 error Tell the author that this fails on your system:
23 error     cross-env NODE_ENV=development webpack-dev-server --open --inline --hot
23 error You can get information on how to open an issue for this project with:
23 error     npm bugs vue-cli
23 error Or if that isn't available, you can get their info via:
23 error     npm owner ls vue-cli
23 error There is likely additional logging output above.
24 verbose exit [ 1, true ]
